2024-01-02 20:48:42 [INFO ] Load generated SIDs from sleepedf.txt
2024-01-02 20:48:42 [INFO ] SIDs (20): [ 0  1  2  3  4  5  6  7  8  9 10 11 12 13 14 15 16 17 18 19]
2024-01-02 20:48:42 [INFO ] ------ Fold 1/20 ------
2024-01-02 20:48:42 [INFO ] Test SIDs: (1) [0]
2024-01-02 20:48:44 [INFO ] Loaded model from out_sleepedf/train\0\best_model.ckpt
2024-01-02 20:48:44 [INFO ] Subject ID: 0
2024-01-02 20:48:44 [INFO ] Load files ./data/sleepedf/sleep-cassette/eeg_fpz_cz\SC4001E0.npz ...
2024-01-02 20:48:44 [INFO ] Load files ./data/sleepedf/sleep-cassette/eeg_fpz_cz\SC4002E0.npz ...
2024-01-02 20:48:44 [INFO ] Test set (n_night_sleeps=2)
2024-01-02 20:48:44 [INFO ] (841, 1, 3000)
2024-01-02 20:48:44 [INFO ] (1127, 1, 3000)
2024-01-02 20:48:44 [INFO ] W: 371
2024-01-02 20:48:44 [INFO ] N1: 117
2024-01-02 20:48:44 [INFO ] N2: 623
2024-01-02 20:48:44 [INFO ] N3: 517
2024-01-02 20:48:44 [INFO ] REM: 340
2024-01-02 20:48:45 [INFO ] Saved outputs to out_sleepedf/predict\pred_SC4001E0.npz
2024-01-02 20:48:47 [INFO ] Saved outputs to out_sleepedf/predict\pred_SC4002E0.npz
2024-01-02 20:48:47 [INFO ] n=1968, acc=38.7, mf1=20.8
2024-01-02 20:48:47 [INFO ] >> Confusion Matrix
2024-01-02 20:48:47 [INFO ] [[ 67   0 251   0  53]
 [  1   0 107   0   9]
 [  1   0 621   1   0]
 [111   0 332  74   0]
 [  0   0 340   0   0]]
2024-01-02 20:48:47 [INFO ] ------------------------
2024-01-02 20:48:47 [INFO ] 
2024-01-02 20:48:47 [INFO ] ------ Fold 2/20 ------
2024-01-02 20:48:47 [INFO ] Test SIDs: (1) [1]
2024-01-02 20:48:47 [INFO ] Loaded model from out_sleepedf/train\1\best_model.ckpt
2024-01-02 20:48:47 [INFO ] Subject ID: 1
2024-01-02 20:48:47 [INFO ] Load files ./data/sleepedf/sleep-cassette/eeg_fpz_cz\SC4011E0.npz ...
2024-01-02 20:48:47 [INFO ] Load files ./data/sleepedf/sleep-cassette/eeg_fpz_cz\SC4012E0.npz ...
2024-01-02 20:48:47 [INFO ] Test set (n_night_sleeps=2)
2024-01-02 20:48:47 [INFO ] (1103, 1, 3000)
2024-01-02 20:48:47 [INFO ] (2265, 1, 3000)
2024-01-02 20:48:47 [INFO ] W: 1398
2024-01-02 20:48:47 [INFO ] N1: 201
2024-01-02 20:48:47 [INFO ] N2: 1222
2024-01-02 20:48:47 [INFO ] N3: 201
2024-01-02 20:48:47 [INFO ] REM: 346
2024-01-02 20:48:48 [INFO ] Saved outputs to out_sleepedf/predict\pred_SC4011E0.npz
2024-01-02 20:48:50 [INFO ] Saved outputs to out_sleepedf/predict\pred_SC4012E0.npz
2024-01-02 20:48:50 [INFO ] n=3368, acc=72.8, mf1=45.0
2024-01-02 20:48:50 [INFO ] >> Confusion Matrix
2024-01-02 20:48:50 [INFO ] [[1004    0  298    0   96]
 [  43    0   21    0  137]
 [   7    0 1120    0   95]
 [  38    0  163    0    0]
 [   8    0   10    0  328]]
2024-01-02 20:48:50 [INFO ] ------------------------
2024-01-02 20:48:50 [INFO ] 
2024-01-02 20:48:50 [INFO ] ------ Fold 3/20 ------
2024-01-02 20:48:50 [INFO ] Test SIDs: (1) [2]
2024-01-02 20:48:50 [INFO ] Loaded model from out_sleepedf/train\2\best_model.ckpt
2024-01-02 20:48:50 [INFO ] Subject ID: 2
2024-01-02 20:48:50 [INFO ] Load files ./data/sleepedf/sleep-cassette/eeg_fpz_cz\SC4021E0.npz ...
2024-01-02 20:48:50 [INFO ] Load files ./data/sleepedf/sleep-cassette/eeg_fpz_cz\SC4022E0.npz ...
2024-01-02 20:48:50 [INFO ] Test set (n_night_sleeps=2)
2024-01-02 20:48:50 [INFO ] (1025, 1, 3000)
2024-01-02 20:48:50 [INFO ] (1009, 1, 3000)
2024-01-02 20:48:50 [INFO ] W: 253
2024-01-02 20:48:50 [INFO ] N1: 278
2024-01-02 20:48:50 [INFO ] N2: 947
2024-01-02 20:48:50 [INFO ] N3: 214
2024-01-02 20:48:50 [INFO ] REM: 342
2024-01-02 20:48:51 [INFO ] Saved outputs to out_sleepedf/predict\pred_SC4021E0.npz
2024-01-02 20:48:52 [INFO ] Saved outputs to out_sleepedf/predict\pred_SC4022E0.npz
2024-01-02 20:48:52 [INFO ] n=2034, acc=27.9, mf1=26.9
2024-01-02 20:48:52 [INFO ] >> Confusion Matrix
2024-01-02 20:48:52 [INFO ] [[137   0   0   4 112]
 [ 35   0   0   0 243]
 [196   0   0   3 748]
 [114   0   0  95   5]
 [  6   0   0   0 336]]
2024-01-02 20:48:52 [INFO ] ------------------------
2024-01-02 20:48:52 [INFO ] 
2024-01-02 20:48:52 [INFO ] ------ Fold 4/20 ------
2024-01-02 20:48:52 [INFO ] Test SIDs: (1) [3]
2024-01-02 20:48:52 [INFO ] Loaded model from out_sleepedf/train\3\best_model.ckpt
2024-01-02 20:48:52 [INFO ] Subject ID: 3
2024-01-02 20:48:52 [INFO ] Load files ./data/sleepedf/sleep-cassette/eeg_fpz_cz\SC4031E0.npz ...
2024-01-02 20:48:52 [INFO ] Load files ./data/sleepedf/sleep-cassette/eeg_fpz_cz\SC4032E0.npz ...
2024-01-02 20:48:52 [INFO ] Test set (n_night_sleeps=2)
2024-01-02 20:48:52 [INFO ] (952, 1, 3000)
2024-01-02 20:48:52 [INFO ] (911, 1, 3000)
2024-01-02 20:48:52 [INFO ] W: 276
2024-01-02 20:48:52 [INFO ] N1: 106
2024-01-02 20:48:52 [INFO ] N2: 885
2024-01-02 20:48:52 [INFO ] N3: 188
2024-01-02 20:48:52 [INFO ] REM: 408
2024-01-02 20:48:53 [INFO ] Saved outputs to out_sleepedf/predict\pred_SC4031E0.npz
2024-01-02 20:48:54 [INFO ] Saved outputs to out_sleepedf/predict\pred_SC4032E0.npz
2024-01-02 20:48:54 [INFO ] n=1863, acc=67.4, mf1=40.1
2024-01-02 20:48:54 [INFO ] >> Confusion Matrix
2024-01-02 20:48:54 [INFO ] [[143   0   1   0 132]
 [  2   0   7   0  97]
 [ 70   0 730   0  85]
 [141   0  47   0   0]
 [ 11   0  15   0 382]]
2024-01-02 20:48:54 [INFO ] ------------------------
2024-01-02 20:48:54 [INFO ] 
2024-01-02 20:48:54 [INFO ] ------ Fold 5/20 ------
2024-01-02 20:48:54 [INFO ] Test SIDs: (1) [4]
2024-01-02 20:48:54 [INFO ] Loaded model from out_sleepedf/train\4\best_model.ckpt
2024-01-02 20:48:54 [INFO ] Subject ID: 4
2024-01-02 20:48:54 [INFO ] Load files ./data/sleepedf/sleep-cassette/eeg_fpz_cz\SC4041E0.npz ...
2024-01-02 20:48:54 [INFO ] Load files ./data/sleepedf/sleep-cassette/eeg_fpz_cz\SC4042E0.npz ...
2024-01-02 20:48:54 [INFO ] Test set (n_night_sleeps=2)
2024-01-02 20:48:54 [INFO ] (1235, 1, 3000)
2024-01-02 20:48:54 [INFO ] (1200, 1, 3000)
2024-01-02 20:48:54 [INFO ] W: 385
2024-01-02 20:48:54 [INFO ] N1: 303
2024-01-02 20:48:54 [INFO ] N2: 1134
2024-01-02 20:48:54 [INFO ] N3: 147
2024-01-02 20:48:54 [INFO ] REM: 466
2024-01-02 20:48:56 [INFO ] Saved outputs to out_sleepedf/predict\pred_SC4041E0.npz
2024-01-02 20:48:57 [INFO ] Saved outputs to out_sleepedf/predict\pred_SC4042E0.npz
2024-01-02 20:48:57 [INFO ] n=2435, acc=60.0, mf1=35.5
2024-01-02 20:48:57 [INFO ] >> Confusion Matrix
2024-01-02 20:48:57 [INFO ] [[122   0 139   0 124]
 [ 11   0  30   0 262]
 [  0   0 960   0 174]
 [  3   0 144   0   0]
 [  3   0  84   0 379]]
2024-01-02 20:48:57 [INFO ] ------------------------
2024-01-02 20:48:57 [INFO ] 
2024-01-02 20:48:57 [INFO ] ------ Fold 6/20 ------
2024-01-02 20:48:57 [INFO ] Test SIDs: (1) [5]
2024-01-02 20:48:57 [INFO ] Loaded model from out_sleepedf/train\5\best_model.ckpt
2024-01-02 20:48:57 [INFO ] Subject ID: 5
2024-01-02 20:48:57 [INFO ] Load files ./data/sleepedf/sleep-cassette/eeg_fpz_cz\SC4051E0.npz ...
2024-01-02 20:48:57 [INFO ] Load files ./data/sleepedf/sleep-cassette/eeg_fpz_cz\SC4052E0.npz ...
2024-01-02 20:48:57 [INFO ] Test set (n_night_sleeps=2)
2024-01-02 20:48:57 [INFO ] (672, 1, 3000)
2024-01-02 20:48:57 [INFO ] (1246, 1, 3000)
2024-01-02 20:48:57 [INFO ] W: 430
2024-01-02 20:48:57 [INFO ] N1: 158
2024-01-02 20:48:57 [INFO ] N2: 833
2024-01-02 20:48:57 [INFO ] N3: 249
2024-01-02 20:48:57 [INFO ] REM: 248
2024-01-02 20:48:58 [INFO ] Saved outputs to out_sleepedf/predict\pred_SC4051E0.npz
2024-01-02 20:48:59 [INFO ] Saved outputs to out_sleepedf/predict\pred_SC4052E0.npz
2024-01-02 20:48:59 [INFO ] n=1918, acc=52.0, mf1=30.8
2024-01-02 20:48:59 [INFO ] >> Confusion Matrix
2024-01-02 20:48:59 [INFO ] [[ 60  22 190   0 158]
 [  1   8  10   0 139]
 [  1   4 695   0 133]
 [  3   0 241   0   5]
 [  3   2   8   0 235]]
2024-01-02 20:48:59 [INFO ] ------------------------
2024-01-02 20:48:59 [INFO ] 
2024-01-02 20:48:59 [INFO ] ------ Fold 7/20 ------
2024-01-02 20:48:59 [INFO ] Test SIDs: (1) [6]
2024-01-02 20:48:59 [INFO ] Loaded model from out_sleepedf/train\6\best_model.ckpt
2024-01-02 20:48:59 [INFO ] Subject ID: 6
2024-01-02 20:48:59 [INFO ] Load files ./data/sleepedf/sleep-cassette/eeg_fpz_cz\SC4061E0.npz ...
2024-01-02 20:48:59 [INFO ] Load files ./data/sleepedf/sleep-cassette/eeg_fpz_cz\SC4062E0.npz ...
2024-01-02 20:48:59 [INFO ] Test set (n_night_sleeps=2)
2024-01-02 20:48:59 [INFO ] (843, 1, 3000)
2024-01-02 20:48:59 [INFO ] (1016, 1, 3000)
2024-01-02 20:48:59 [INFO ] W: 335
2024-01-02 20:48:59 [INFO ] N1: 146
2024-01-02 20:48:59 [INFO ] N2: 824
2024-01-02 20:48:59 [INFO ] N3: 265
2024-01-02 20:48:59 [INFO ] REM: 289
2024-01-02 20:49:00 [INFO ] Saved outputs to out_sleepedf/predict\pred_SC4061E0.npz
2024-01-02 20:49:01 [INFO ] Saved outputs to out_sleepedf/predict\pred_SC4062E0.npz
2024-01-02 20:49:01 [INFO ] n=1859, acc=59.8, mf1=37.3
2024-01-02 20:49:01 [INFO ] >> Confusion Matrix
2024-01-02 20:49:01 [INFO ] [[131   0  37   0 167]
 [  3   0  15   0 128]
 [  1   0 726   0  97]
 [  0   0 265   0   0]
 [  0   0  34   0 255]]
2024-01-02 20:49:01 [INFO ] ------------------------
2024-01-02 20:49:01 [INFO ] 
2024-01-02 20:49:01 [INFO ] ------ Fold 8/20 ------
2024-01-02 20:49:01 [INFO ] Test SIDs: (1) [7]
2024-01-02 20:49:01 [INFO ] Loaded model from out_sleepedf/train\7\best_model.ckpt
2024-01-02 20:49:01 [INFO ] Subject ID: 7
2024-01-02 20:49:01 [INFO ] Load files ./data/sleepedf/sleep-cassette/eeg_fpz_cz\SC4071E0.npz ...
2024-01-02 20:49:01 [INFO ] Load files ./data/sleepedf/sleep-cassette/eeg_fpz_cz\SC4072E0.npz ...
2024-01-02 20:49:01 [INFO ] Test set (n_night_sleeps=2)
2024-01-02 20:49:01 [INFO ] (976, 1, 3000)
2024-01-02 20:49:01 [INFO ] (1273, 1, 3000)
2024-01-02 20:49:01 [INFO ] W: 531
2024-01-02 20:49:01 [INFO ] N1: 173
2024-01-02 20:49:01 [INFO ] N2: 795
2024-01-02 20:49:01 [INFO ] N3: 384
2024-01-02 20:49:01 [INFO ] REM: 366
2024-01-02 20:49:02 [INFO ] Saved outputs to out_sleepedf/predict\pred_SC4071E0.npz
2024-01-02 20:49:03 [INFO ] Saved outputs to out_sleepedf/predict\pred_SC4072E0.npz
2024-01-02 20:49:03 [INFO ] n=2249, acc=54.1, mf1=37.9
2024-01-02 20:49:03 [INFO ] >> Confusion Matrix
2024-01-02 20:49:03 [INFO ] [[211  86   1   0 233]
 [  5  11   7   0 150]
 [ 25   4 632   0 134]
 [325   5  50   0   4]
 [  1   1   2   0 362]]
2024-01-02 20:49:03 [INFO ] ------------------------
2024-01-02 20:49:03 [INFO ] 
2024-01-02 20:49:03 [INFO ] ------ Fold 9/20 ------
2024-01-02 20:49:03 [INFO ] Test SIDs: (1) [8]
2024-01-02 20:49:03 [INFO ] Loaded model from out_sleepedf/train\8\best_model.ckpt
2024-01-02 20:49:03 [INFO ] Subject ID: 8
2024-01-02 20:49:03 [INFO ] Load files ./data/sleepedf/sleep-cassette/eeg_fpz_cz\SC4081E0.npz ...
2024-01-02 20:49:03 [INFO ] Load files ./data/sleepedf/sleep-cassette/eeg_fpz_cz\SC4082E0.npz ...
2024-01-02 20:49:03 [INFO ] Test set (n_night_sleeps=2)
2024-01-02 20:49:03 [INFO ] (1134, 1, 3000)
2024-01-02 20:49:03 [INFO ] (1054, 1, 3000)
2024-01-02 20:49:03 [INFO ] W: 467
2024-01-02 20:49:03 [INFO ] N1: 107
2024-01-02 20:49:03 [INFO ] N2: 591
2024-01-02 20:49:03 [INFO ] N3: 632
2024-01-02 20:49:03 [INFO ] REM: 391
2024-01-02 20:49:05 [INFO ] Saved outputs to out_sleepedf/predict\pred_SC4081E0.npz
2024-01-02 20:49:06 [INFO ] Saved outputs to out_sleepedf/predict\pred_SC4082E0.npz
2024-01-02 20:49:06 [INFO ] n=2188, acc=40.8, mf1=23.1
2024-01-02 20:49:06 [INFO ] >> Confusion Matrix
2024-01-02 20:49:06 [INFO ] [[304   3 154   0   6]
 [ 28   0  77   0   2]
 [  5   0 586   0   0]
 [161   0 469   2   0]
 [  0   0 391   0   0]]
2024-01-02 20:49:06 [INFO ] ------------------------
2024-01-02 20:49:06 [INFO ] 
2024-01-02 20:49:06 [INFO ] ------ Fold 10/20 ------
2024-01-02 20:49:06 [INFO ] Test SIDs: (1) [9]
2024-01-02 20:49:06 [INFO ] Loaded model from out_sleepedf/train\9\best_model.ckpt
2024-01-02 20:49:06 [INFO ] Subject ID: 9
2024-01-02 20:49:06 [INFO ] Load files ./data/sleepedf/sleep-cassette/eeg_fpz_cz\SC4091E0.npz ...
2024-01-02 20:49:06 [INFO ] Load files ./data/sleepedf/sleep-cassette/eeg_fpz_cz\SC4092E0.npz ...
2024-01-02 20:49:06 [INFO ] Test set (n_night_sleeps=2)
2024-01-02 20:49:06 [INFO ] (1132, 1, 3000)
2024-01-02 20:49:06 [INFO ] (1207, 1, 3000)
2024-01-02 20:49:06 [INFO ] W: 392
2024-01-02 20:49:06 [INFO ] N1: 100
2024-01-02 20:49:06 [INFO ] N2: 1073
2024-01-02 20:49:06 [INFO ] N3: 277
2024-01-02 20:49:06 [INFO ] REM: 497
2024-01-02 20:49:07 [INFO ] Saved outputs to out_sleepedf/predict\pred_SC4091E0.npz
2024-01-02 20:49:08 [INFO ] Saved outputs to out_sleepedf/predict\pred_SC4092E0.npz
2024-01-02 20:49:08 [INFO ] n=2339, acc=28.9, mf1=16.6
2024-01-02 20:49:08 [INFO ] >> Confusion Matrix
2024-01-02 20:49:08 [INFO ] [[334   1  44   0  13]
 [ 41   0  48   0  11]
 [704   2 297   0  70]
 [277   0   0   0   0]
 [140   4 308   0  45]]
2024-01-02 20:49:08 [INFO ] ------------------------
2024-01-02 20:49:08 [INFO ] 
2024-01-02 20:49:08 [INFO ] ------ Fold 11/20 ------
2024-01-02 20:49:08 [INFO ] Test SIDs: (1) [10]
2024-01-02 20:49:08 [INFO ] Loaded model from out_sleepedf/train\10\best_model.ckpt
2024-01-02 20:49:08 [INFO ] Subject ID: 10
2024-01-02 20:49:08 [INFO ] Load files ./data/sleepedf/sleep-cassette/eeg_fpz_cz\SC4101E0.npz ...
2024-01-02 20:49:08 [INFO ] Load files ./data/sleepedf/sleep-cassette/eeg_fpz_cz\SC4102E0.npz ...
2024-01-02 20:49:08 [INFO ] Test set (n_night_sleeps=2)
2024-01-02 20:49:08 [INFO ] (1104, 1, 3000)
2024-01-02 20:49:08 [INFO ] (1092, 1, 3000)
2024-01-02 20:49:08 [INFO ] W: 299
2024-01-02 20:49:08 [INFO ] N1: 182
2024-01-02 20:49:08 [INFO ] N2: 1278
2024-01-02 20:49:08 [INFO ] N3: 31
2024-01-02 20:49:08 [INFO ] REM: 406
2024-01-02 20:49:09 [INFO ] Saved outputs to out_sleepedf/predict\pred_SC4101E0.npz
2024-01-02 20:49:11 [INFO ] Saved outputs to out_sleepedf/predict\pred_SC4102E0.npz
2024-01-02 20:49:11 [INFO ] n=2196, acc=67.3, mf1=40.9
2024-01-02 20:49:11 [INFO ] >> Confusion Matrix
2024-01-02 20:49:11 [INFO ] [[190   0   3   0 106]
 [  3   0   6   0 173]
 [ 19   0 919   0 340]
 [  8   0  20   0   3]
 [ 31   0   6   0 369]]
2024-01-02 20:49:11 [INFO ] ------------------------
2024-01-02 20:49:11 [INFO ] 
2024-01-02 20:49:11 [INFO ] ------ Fold 12/20 ------
2024-01-02 20:49:11 [INFO ] Test SIDs: (1) [11]
2024-01-02 20:49:11 [INFO ] Loaded model from out_sleepedf/train\11\best_model.ckpt
2024-01-02 20:49:11 [INFO ] Subject ID: 11
2024-01-02 20:49:11 [INFO ] Load files ./data/sleepedf/sleep-cassette/eeg_fpz_cz\SC4111E0.npz ...
2024-01-02 20:49:11 [INFO ] Load files ./data/sleepedf/sleep-cassette/eeg_fpz_cz\SC4112E0.npz ...
2024-01-02 20:49:11 [INFO ] Test set (n_night_sleeps=2)
2024-01-02 20:49:11 [INFO ] (928, 1, 3000)
2024-01-02 20:49:11 [INFO ] (802, 1, 3000)
2024-01-02 20:49:11 [INFO ] W: 252
2024-01-02 20:49:11 [INFO ] N1: 31
2024-01-02 20:49:11 [INFO ] N2: 898
2024-01-02 20:49:11 [INFO ] N3: 240
2024-01-02 20:49:11 [INFO ] REM: 309
2024-01-02 20:49:12 [INFO ] Saved outputs to out_sleepedf/predict\pred_SC4111E0.npz
2024-01-02 20:49:12 [INFO ] Saved outputs to out_sleepedf/predict\pred_SC4112E0.npz
2024-01-02 20:49:12 [INFO ] n=1730, acc=51.1, mf1=32.3
2024-01-02 20:49:12 [INFO ] >> Confusion Matrix
2024-01-02 20:49:12 [INFO ] [[134   0   3   0 115]
 [  2   0   9   0  20]
 [ 13   0 451   0 434]
 [140   0  61   0  39]
 [  0   0  10   0 299]]
2024-01-02 20:49:12 [INFO ] ------------------------
2024-01-02 20:49:12 [INFO ] 
2024-01-02 20:49:12 [INFO ] ------ Fold 13/20 ------
2024-01-02 20:49:12 [INFO ] Test SIDs: (1) [12]
2024-01-02 20:49:12 [INFO ] Loaded model from out_sleepedf/train\12\best_model.ckpt
2024-01-02 20:49:12 [INFO ] Subject ID: 12
2024-01-02 20:49:12 [INFO ] Load files ./data/sleepedf/sleep-cassette/eeg_fpz_cz\SC4121E0.npz ...
2024-01-02 20:49:12 [INFO ] Load files ./data/sleepedf/sleep-cassette/eeg_fpz_cz\SC4122E0.npz ...
2024-01-02 20:49:12 [INFO ] Test set (n_night_sleeps=2)
2024-01-02 20:49:12 [INFO ] (1783, 1, 3000)
2024-01-02 20:49:12 [INFO ] (977, 1, 3000)
2024-01-02 20:49:12 [INFO ] W: 1197
2024-01-02 20:49:12 [INFO ] N1: 169
2024-01-02 20:49:12 [INFO ] N2: 750
2024-01-02 20:49:12 [INFO ] N3: 187
2024-01-02 20:49:12 [INFO ] REM: 457
2024-01-02 20:49:14 [INFO ] Saved outputs to out_sleepedf/predict\pred_SC4121E0.npz
2024-01-02 20:49:15 [INFO ] Saved outputs to out_sleepedf/predict\pred_SC4122E0.npz
2024-01-02 20:49:15 [INFO ] n=2760, acc=53.7, mf1=33.7
2024-01-02 20:49:15 [INFO ] >> Confusion Matrix
2024-01-02 20:49:15 [INFO ] [[562   0  51   0 584]
 [  0   0  86   0  83]
 [  8   0 659   0  83]
 [172   0  10   0   5]
 [  5   0 192   0 260]]
2024-01-02 20:49:15 [INFO ] ------------------------
2024-01-02 20:49:15 [INFO ] 
2024-01-02 20:49:15 [INFO ] ------ Fold 14/20 ------
2024-01-02 20:49:15 [INFO ] Test SIDs: (1) [13]
2024-01-02 20:49:15 [INFO ] Loaded model from out_sleepedf/train\13\best_model.ckpt
2024-01-02 20:49:15 [INFO ] Subject ID: 13
2024-01-02 20:49:15 [INFO ] Load files ./data/sleepedf/sleep-cassette/eeg_fpz_cz\SC4131E0.npz ...
2024-01-02 20:49:15 [INFO ] Test set (n_night_sleeps=1)
2024-01-02 20:49:15 [INFO ] (1028, 1, 3000)
2024-01-02 20:49:15 [INFO ] W: 155
2024-01-02 20:49:15 [INFO ] N1: 57
2024-01-02 20:49:15 [INFO ] N2: 497
2024-01-02 20:49:15 [INFO ] N3: 147
2024-01-02 20:49:15 [INFO ] REM: 172
2024-01-02 20:49:16 [INFO ] Saved outputs to out_sleepedf/predict\pred_SC4131E0.npz
2024-01-02 20:49:16 [INFO ] n=1028, acc=67.2, mf1=44.2
2024-01-02 20:49:16 [INFO ] >> Confusion Matrix
2024-01-02 20:49:16 [INFO ] [[125   2   1   0  27]
 [  1   2   6   0  48]
 [  4   1 395   0  97]
 [ 91   0  54   0   2]
 [  0   0   3   0 169]]
2024-01-02 20:49:16 [INFO ] ------------------------
2024-01-02 20:49:16 [INFO ] 
2024-01-02 20:49:16 [INFO ] ------ Fold 15/20 ------
2024-01-02 20:49:16 [INFO ] Test SIDs: (1) [14]
2024-01-02 20:49:16 [INFO ] Loaded model from out_sleepedf/train\14\best_model.ckpt
2024-01-02 20:49:16 [INFO ] Subject ID: 14
2024-01-02 20:49:16 [INFO ] Load files ./data/sleepedf/sleep-cassette/eeg_fpz_cz\SC4141E0.npz ...
2024-01-02 20:49:16 [INFO ] Load files ./data/sleepedf/sleep-cassette/eeg_fpz_cz\SC4142E0.npz ...
2024-01-02 20:49:17 [INFO ] Test set (n_night_sleeps=2)
2024-01-02 20:49:17 [INFO ] (1004, 1, 3000)
2024-01-02 20:49:17 [INFO ] (952, 1, 3000)
2024-01-02 20:49:17 [INFO ] W: 368
2024-01-02 20:49:17 [INFO ] N1: 56
2024-01-02 20:49:17 [INFO ] N2: 790
2024-01-02 20:49:17 [INFO ] N3: 296
2024-01-02 20:49:17 [INFO ] REM: 446
2024-01-02 20:49:18 [INFO ] Saved outputs to out_sleepedf/predict\pred_SC4141E0.npz
2024-01-02 20:49:18 [INFO ] Saved outputs to out_sleepedf/predict\pred_SC4142E0.npz
2024-01-02 20:49:19 [INFO ] n=1956, acc=53.1, mf1=35.9
2024-01-02 20:49:19 [INFO ] >> Confusion Matrix
2024-01-02 20:49:19 [INFO ] [[179  38  71   0  80]
 [  4   5   8   0  39]
 [  3   1 482   0 304]
 [216   0  80   0   0]
 [ 13  51   9   0 373]]
2024-01-02 20:49:19 [INFO ] ------------------------
2024-01-02 20:49:19 [INFO ] 
2024-01-02 20:49:19 [INFO ] ------ Fold 16/20 ------
2024-01-02 20:49:19 [INFO ] Test SIDs: (1) [15]
2024-01-02 20:49:19 [INFO ] Loaded model from out_sleepedf/train\15\best_model.ckpt
2024-01-02 20:49:19 [INFO ] Subject ID: 15
2024-01-02 20:49:19 [INFO ] Load files ./data/sleepedf/sleep-cassette/eeg_fpz_cz\SC4151E0.npz ...
2024-01-02 20:49:19 [INFO ] Load files ./data/sleepedf/sleep-cassette/eeg_fpz_cz\SC4152E0.npz ...
2024-01-02 20:49:19 [INFO ] Test set (n_night_sleeps=2)
2024-01-02 20:49:19 [INFO ] (952, 1, 3000)
2024-01-02 20:49:19 [INFO ] (1762, 1, 3000)
2024-01-02 20:49:19 [INFO ] W: 979
2024-01-02 20:49:19 [INFO ] N1: 88
2024-01-02 20:49:19 [INFO ] N2: 792
2024-01-02 20:49:19 [INFO ] N3: 355
2024-01-02 20:49:19 [INFO ] REM: 500
2024-01-02 20:49:20 [INFO ] Saved outputs to out_sleepedf/predict\pred_SC4151E0.npz
2024-01-02 20:49:21 [INFO ] Saved outputs to out_sleepedf/predict\pred_SC4152E0.npz
2024-01-02 20:49:21 [INFO ] n=2714, acc=72.9, mf1=53.8
2024-01-02 20:49:21 [INFO ] >> Confusion Matrix
2024-01-02 20:49:21 [INFO ] [[721   0  21  25 212]
 [  3   0  13   0  72]
 [  2   0 715   0  75]
 [  4   0 262  89   0]
 [  5   0  41   0 454]]
2024-01-02 20:49:21 [INFO ] ------------------------
2024-01-02 20:49:21 [INFO ] 
2024-01-02 20:49:21 [INFO ] ------ Fold 17/20 ------
2024-01-02 20:49:21 [INFO ] Test SIDs: (1) [16]
2024-01-02 20:49:21 [INFO ] Loaded model from out_sleepedf/train\16\best_model.ckpt
2024-01-02 20:49:21 [INFO ] Subject ID: 16
2024-01-02 20:49:21 [INFO ] Load files ./data/sleepedf/sleep-cassette/eeg_fpz_cz\SC4161E0.npz ...
2024-01-02 20:49:21 [INFO ] Load files ./data/sleepedf/sleep-cassette/eeg_fpz_cz\SC4162E0.npz ...
2024-01-02 20:49:21 [INFO ] Test set (n_night_sleeps=2)
2024-01-02 20:49:21 [INFO ] (1144, 1, 3000)
2024-01-02 20:49:21 [INFO ] (1003, 1, 3000)
2024-01-02 20:49:21 [INFO ] W: 395
2024-01-02 20:49:21 [INFO ] N1: 97
2024-01-02 20:49:21 [INFO ] N2: 907
2024-01-02 20:49:21 [INFO ] N3: 293
2024-01-02 20:49:21 [INFO ] REM: 455
2024-01-02 20:49:22 [INFO ] Saved outputs to out_sleepedf/predict\pred_SC4161E0.npz
2024-01-02 20:49:24 [INFO ] Saved outputs to out_sleepedf/predict\pred_SC4162E0.npz
2024-01-02 20:49:24 [INFO ] n=2147, acc=52.8, mf1=26.1
2024-01-02 20:49:24 [INFO ] >> Confusion Matrix
2024-01-02 20:49:24 [INFO ] [[  3   0 337   0  55]
 [  0   0  39   0  58]
 [  1   0 813   0  93]
 [  0   0 293   0   0]
 [  0   0 138   0 317]]
2024-01-02 20:49:24 [INFO ] ------------------------
2024-01-02 20:49:24 [INFO ] 
2024-01-02 20:49:24 [INFO ] ------ Fold 18/20 ------
2024-01-02 20:49:24 [INFO ] Test SIDs: (1) [17]
2024-01-02 20:49:24 [INFO ] Loaded model from out_sleepedf/train\17\best_model.ckpt
2024-01-02 20:49:24 [INFO ] Subject ID: 17
2024-01-02 20:49:24 [INFO ] Load files ./data/sleepedf/sleep-cassette/eeg_fpz_cz\SC4171E0.npz ...
2024-01-02 20:49:24 [INFO ] Load files ./data/sleepedf/sleep-cassette/eeg_fpz_cz\SC4172E0.npz ...
2024-01-02 20:49:24 [INFO ] Test set (n_night_sleeps=2)
2024-01-02 20:49:24 [INFO ] (1002, 1, 3000)
2024-01-02 20:49:24 [INFO ] (1773, 1, 3000)
2024-01-02 20:49:24 [INFO ] W: 865
2024-01-02 20:49:24 [INFO ] N1: 65
2024-01-02 20:49:24 [INFO ] N2: 1015
2024-01-02 20:49:24 [INFO ] N3: 403
2024-01-02 20:49:24 [INFO ] REM: 427
2024-01-02 20:49:25 [INFO ] Saved outputs to out_sleepedf/predict\pred_SC4171E0.npz
2024-01-02 20:49:26 [INFO ] Saved outputs to out_sleepedf/predict\pred_SC4172E0.npz
2024-01-02 20:49:26 [INFO ] n=2775, acc=43.9, mf1=27.4
2024-01-02 20:49:26 [INFO ] >> Confusion Matrix
2024-01-02 20:49:26 [INFO ] [[491   0  38   0 336]
 [ 15   0  14   0  36]
 [375   0 563   0  77]
 [400   0   3   0   0]
 [ 40   0 224   0 163]]
2024-01-02 20:49:26 [INFO ] ------------------------
2024-01-02 20:49:26 [INFO ] 
2024-01-02 20:49:26 [INFO ] ------ Fold 19/20 ------
2024-01-02 20:49:26 [INFO ] Test SIDs: (1) [18]
2024-01-02 20:49:26 [INFO ] Loaded model from out_sleepedf/train\18\best_model.ckpt
2024-01-02 20:49:26 [INFO ] Subject ID: 18
2024-01-02 20:49:26 [INFO ] Load files ./data/sleepedf/sleep-cassette/eeg_fpz_cz\SC4181E0.npz ...
2024-01-02 20:49:26 [INFO ] Load files ./data/sleepedf/sleep-cassette/eeg_fpz_cz\SC4182E0.npz ...
2024-01-02 20:49:26 [INFO ] Test set (n_night_sleeps=2)
2024-01-02 20:49:26 [INFO ] (964, 1, 3000)
2024-01-02 20:49:26 [INFO ] (920, 1, 3000)
2024-01-02 20:49:26 [INFO ] W: 285
2024-01-02 20:49:26 [INFO ] N1: 180
2024-01-02 20:49:26 [INFO ] N2: 678
2024-01-02 20:49:26 [INFO ] N3: 507
2024-01-02 20:49:26 [INFO ] REM: 234
2024-01-02 20:49:27 [INFO ] Saved outputs to out_sleepedf/predict\pred_SC4181E0.npz
2024-01-02 20:49:28 [INFO ] Saved outputs to out_sleepedf/predict\pred_SC4182E0.npz
2024-01-02 20:49:28 [INFO ] n=1884, acc=29.4, mf1=21.4
2024-01-02 20:49:28 [INFO ] >> Confusion Matrix
2024-01-02 20:49:28 [INFO ] [[248   0   0   0  37]
 [ 13   0   2   0 165]
 [ 10   0  81   0 587]
 [358   0   2   0 147]
 [ 10   0   0   0 224]]
2024-01-02 20:49:28 [INFO ] ------------------------
2024-01-02 20:49:28 [INFO ] 
2024-01-02 20:49:28 [INFO ] ------ Fold 20/20 ------
2024-01-02 20:49:28 [INFO ] Test SIDs: (1) [19]
2024-01-02 20:49:28 [INFO ] Loaded model from out_sleepedf/train\19\best_model.ckpt
2024-01-02 20:49:28 [INFO ] Subject ID: 19
2024-01-02 20:49:28 [INFO ] Load files ./data/sleepedf/sleep-cassette/eeg_fpz_cz\SC4191E0.npz ...
2024-01-02 20:49:28 [INFO ] Load files ./data/sleepedf/sleep-cassette/eeg_fpz_cz\SC4192E0.npz ...
2024-01-02 20:49:28 [INFO ] Test set (n_night_sleeps=2)
2024-01-02 20:49:28 [INFO ] (1535, 1, 3000)
2024-01-02 20:49:28 [INFO ] (1274, 1, 3000)
2024-01-02 20:49:28 [INFO ] W: 564
2024-01-02 20:49:28 [INFO ] N1: 190
2024-01-02 20:49:28 [INFO ] N2: 1267
2024-01-02 20:49:28 [INFO ] N3: 170
2024-01-02 20:49:28 [INFO ] REM: 618
2024-01-02 20:49:30 [INFO ] Saved outputs to out_sleepedf/predict\pred_SC4191E0.npz
2024-01-02 20:49:31 [INFO ] Saved outputs to out_sleepedf/predict\pred_SC4192E0.npz
2024-01-02 20:49:31 [INFO ] n=2809, acc=69.2, mf1=47.4
2024-01-02 20:49:31 [INFO ] >> Confusion Matrix
2024-01-02 20:49:31 [INFO ] [[ 496   57    3    0    8]
 [  43   65   16    0   66]
 [  24   25 1151    0   67]
 [   2    0  168    0    0]
 [ 146  141  100    0  231]]
2024-01-02 20:49:31 [INFO ] ------------------------
2024-01-02 20:49:31 [INFO ] 
2024-01-02 20:49:31 [INFO ] 
2024-01-02 20:49:31 [INFO ] === Overall ===
2024-01-02 20:49:31 [INFO ] W: 10197
2024-01-02 20:49:31 [INFO ] N1: 2804
2024-01-02 20:49:31 [INFO ] N2: 17799
2024-01-02 20:49:31 [INFO ] N3: 5703
2024-01-02 20:49:31 [INFO ] REM: 7717
2024-01-02 20:49:31 [INFO ] n=44220, acc=53.8, mf1=37.1
2024-01-02 20:49:31 [INFO ] >> Confusion Matrix
2024-01-02 20:49:31 [INFO ] [[ 5662   209  1643    29  2654]
 [  254    91   521     0  1938]
 [ 1469    37 12596     4  3693]
 [ 2564     5  2664   260   210]
 [  422   199  1915     0  5181]]
2024-01-02 20:49:31 [INFO ] Total: 44220
2024-01-02 20:49:31 [INFO ] Number of samples from each class: [10197.  2804. 17799.  5703.  7717.]
2024-01-02 20:49:31 [INFO ] Accuracy: 53.8
2024-01-02 20:49:31 [INFO ] Macro F1-Score: 37.1
2024-01-02 20:49:31 [INFO ] Per-class Precision: 54.6 16.8 65.1 88.7 37.9
2024-01-02 20:49:31 [INFO ] Per-class Recall: 55.5 3.2 70.8 4.6 67.1
2024-01-02 20:49:31 [INFO ] Per-class F1-Score: 55.1 5.4 67.8 8.7 48.4
2024-01-02 20:49:31 [INFO ] Saved summary to out_sleepedf/predict\sleepedf.npz
